(node:5540) [MONGOOSE] DeprecationWarning: Mongoose: the `strictQuery` option will be switched back to `false` by default in Mongoose 7. Use `mongoose.set('strictQuery', false);` if you want to prepare for this change. Or use `mongoose.set('strictQuery', true);` to suppress this warning.
(Use `node --trace-deprecation ...` to show where the warning was created)
events.js:353
      throw er; // Unhandled 'error' event
      ^

Error: listen EADDRINUSE: address already in use :::5000
    at Server.setupListenHandle [as _listen2] (net.js:1318:16)
    at listenInCluster (net.js:1366:12)
    at Server.listen (net.js:1452:7)
    at Function.listen (d:\Womenwalnut\backend\node_modules\express\lib\application.js:635:24)
    at Object.<anonymous> (d:\Womenwalnut\backend\server.js:54:5)
    at Module._compile (internal/modules/cjs/loader.js:1068:30)
    at Object.Module._extensions..js (internal/modules/cjs/loader.js:1097:10)
    at Module.load (internal/modules/cjs/loader.js:933:32)
    at Function.Module._load (internal/modules/cjs/loader.js:774:14)
    at Function.executeUserEntryPoint [as runMain] (internal/modules/run_main.js:72:12)
Emitted 'error' event on Server instance at:
    at emitErrorNT (net.js:1345:8)
    at processTicksAndRejections (internal/process/task_queues.js:82:21) {
  code: 'EADDRINUSE',
  errno: -4091,
  syscall: 'listen',
  address: '::',
  port: 5000
}
